0 info it worked if it ends with ok
1 verbose cli [ 'node', '/usr/local/bin/npm', 'install', '--save-dev', 'marked' ]
2 info using npm@1.2.21
3 info using node@v0.10.7
4 verbose read json /Applications/MAMP/htdocs/portfolio/package.json
5 warn package.json nkwalton@2.0.0 No repository field.
6 verbose read json /Applications/MAMP/htdocs/portfolio/node_modules/coffee-script/package.json
7 verbose read json /Applications/MAMP/htdocs/portfolio/node_modules/grunt/package.json
8 verbose read json /Applications/MAMP/htdocs/portfolio/node_modules/grunt-autoprefixer/package.json
9 verbose read json /Applications/MAMP/htdocs/portfolio/node_modules/grunt-contrib-connect/package.json
10 verbose read json /Applications/MAMP/htdocs/portfolio/node_modules/grunt-contrib-jade/package.json
11 verbose read json /Applications/MAMP/htdocs/portfolio/node_modules/grunt-contrib-jshint/package.json
12 verbose read json /Applications/MAMP/htdocs/portfolio/node_modules/grunt-contrib-sass/package.json
13 verbose read json /Applications/MAMP/htdocs/portfolio/node_modules/grunt-contrib-uglify/package.json
14 verbose read json /Applications/MAMP/htdocs/portfolio/node_modules/grunt-contrib-watch/package.json
15 verbose read json /Applications/MAMP/htdocs/portfolio/node_modules/grunt-yaml/package.json
16 verbose read json /Applications/MAMP/htdocs/portfolio/node_modules/marked/package.json
17 verbose from cache /Applications/MAMP/htdocs/portfolio/package.json
18 verbose readDependencies using package.json deps
19 verbose cache add [ 'marked', null ]
20 verbose cache add name=undefined spec="marked" args=["marked",null]
21 verbose parsed url { protocol: null,
21 verbose parsed url   slashes: null,
21 verbose parsed url   auth: null,
21 verbose parsed url   host: null,
21 verbose parsed url   port: null,
21 verbose parsed url   hostname: null,
21 verbose parsed url   hash: null,
21 verbose parsed url   search: null,
21 verbose parsed url   query: null,
21 verbose parsed url   pathname: 'marked',
21 verbose parsed url   path: 'marked',
21 verbose parsed url   href: 'marked' }
22 silly lockFile 8fb3697a-marked marked
23 verbose lock marked /Users/natewalton/.npm/8fb3697a-marked.lock
24 silly lockFile 8fb3697a-marked marked
25 silly lockFile 8fb3697a-marked marked
26 verbose addNamed [ 'marked', '' ]
27 verbose addNamed [ null, '' ]
28 silly lockFile 855ceee8-marked marked@
29 verbose lock marked@ /Users/natewalton/.npm/855ceee8-marked.lock
30 silly addNameRange { name: 'marked', range: '', hasData: false }
31 verbose url raw marked
32 verbose url resolving [ 'https://registry.npmjs.org/', './marked' ]
33 verbose url resolved https://registry.npmjs.org/marked
34 info trying registry request attempt 1 at 18:56:39
35 verbose etag "6VM5OLFSE1RE50O84CAT8VL1D"
36 http GET https://registry.npmjs.org/marked
37 http 304 https://registry.npmjs.org/marked
38 silly registry.get cb [ 304,
38 silly registry.get   { date: 'Wed, 05 Feb 2014 01:56:39 GMT',
38 silly registry.get     server: 'Apache',
38 silly registry.get     connection: 'Keep-Alive',
38 silly registry.get     'keep-alive': 'timeout=10, max=50',
38 silly registry.get     etag: '"6VM5OLFSE1RE50O84CAT8VL1D"',
38 silly registry.get     'cache-control': 'max-age=1',
38 silly registry.get     vary: 'Accept' } ]
39 verbose etag marked from cache
40 silly addNameRange number 2 { name: 'marked', range: '', hasData: true }
41 silly addNameRange versions [ 'marked',
41 silly addNameRange   [ '0.0.1',
41 silly addNameRange     '0.0.2',
41 silly addNameRange     '0.0.3',
41 silly addNameRange     '0.0.4',
41 silly addNameRange     '0.0.5',
41 silly addNameRange     '0.0.6',
41 silly addNameRange     '0.0.7',
41 silly addNameRange     '0.0.8',
41 silly addNameRange     '0.0.9',
41 silly addNameRange     '0.1.0',
41 silly addNameRange     '0.1.1',
41 silly addNameRange     '0.1.2',
41 silly addNameRange     '0.1.3',
41 silly addNameRange     '0.1.4',
41 silly addNameRange     '0.1.5',
41 silly addNameRange     '0.1.6',
41 silly addNameRange     '0.1.7',
41 silly addNameRange     '0.1.8',
41 silly addNameRange     '0.1.9',
41 silly addNameRange     '0.2.0',
41 silly addNameRange     '0.2.1',
41 silly addNameRange     '0.2.2',
41 silly addNameRange     '0.2.2-1',
41 silly addNameRange     '0.2.3',
41 silly addNameRange     '0.2.4',
41 silly addNameRange     '0.2.4-1',
41 silly addNameRange     '0.2.5',
41 silly addNameRange     '0.2.6',
41 silly addNameRange     '0.2.7',
41 silly addNameRange     '0.2.8',
41 silly addNameRange     '0.2.9',
41 silly addNameRange     '0.2.10',
41 silly addNameRange     '0.3.0',
41 silly addNameRange     '0.3.1' ] ]
42 verbose addNamed [ 'marked', '0.3.1' ]
43 verbose addNamed [ '0.3.1', '0.3.1' ]
44 silly lockFile e7bac738-marked-0-3-1 marked@0.3.1
45 verbose lock marked@0.3.1 /Users/natewalton/.npm/e7bac738-marked-0-3-1.lock
46 verbose read json /Users/natewalton/.npm/marked/0.3.1/package/package.json
47 silly lockFile e7bac738-marked-0-3-1 marked@0.3.1
48 silly lockFile e7bac738-marked-0-3-1 marked@0.3.1
49 silly lockFile 855ceee8-marked marked@
50 silly lockFile 855ceee8-marked marked@
51 silly resolved [ { name: 'marked',
51 silly resolved     description: 'A markdown parser built for speed',
51 silly resolved     author: { name: 'Christopher Jeffrey' },
51 silly resolved     version: '0.3.1',
51 silly resolved     main: './lib/marked.js',
51 silly resolved     bin: { marked: './bin/marked' },
51 silly resolved     man: [ './man/marked.1' ],
51 silly resolved     preferGlobal: true,
51 silly resolved     repository: { type: 'git', url: 'git://github.com/chjj/marked.git' },
51 silly resolved     homepage: 'https://github.com/chjj/marked',
51 silly resolved     bugs: { url: 'http://github.com/chjj/marked/issues' },
51 silly resolved     license: 'MIT',
51 silly resolved     keywords: [ 'markdown', 'markup', 'html' ],
51 silly resolved     tags: [ 'markdown', 'markup', 'html' ],
51 silly resolved     devDependencies: { markdown: '*', showdown: '*', robotskirt: '*' },
51 silly resolved     scripts: { test: 'node test', bench: 'node test --bench' },
51 silly resolved     readme: '# marked\n\n> A full-featured markdown parser and compiler, written in JavaScript. Built\n> for speed.\n\n[![NPM version](https://badge.fury.io/js/marked.png)][badge]\n\n## Install\n\n``` bash\nnpm install marked --save\n```\n\n## Usage\n\nMinimal usage:\n\n```js\nvar marked = require(\'marked\');\nconsole.log(marked(\'I am using __markdown__.\'));\n// Outputs: <p>I am using <strong>markdown</strong>.</p>\n```\n\nExample setting options with default values:\n\n```js\nvar marked = require(\'marked\');\nmarked.setOptions({\n  renderer: new marked.Renderer(),\n  gfm: true,\n  tables: true,\n  breaks: false,\n  pedantic: false,\n  sanitize: true,\n  smartLists: true,\n  smartypants: false\n});\n\nconsole.log(marked(\'I am using __markdown__.\'));\n```\n\n## marked(markdownString [,options] [,callback])\n\n### markdownString\n\nType: `string`\n\nString of markdown source to be compiled.\n\n### options\n\nType: `object`\n\nHash of options. Can also be set using the `marked.setOptions` method as seen\nabove.\n\n### callback\n\nType: `function`\n\nFunction called when the `markdownString` has been fully parsed when using\nasync highlighting. If the `options` argument is omitted, this can be used as\nthe second argument.\n\n## Options\n\n### highlight\n\nType: `function`\n\nA function to highlight code blocks. The first example below uses async highlighting with\n[node-pygmentize-bundled][pygmentize], and the second is a synchronous example using\n[highlight.js][highlight]:\n\n```js\nvar marked = require(\'marked\');\n\nvar markdownString = \'```js\\n console.log("hello"); \\n```\';\n\n// Async highlighting with pygmentize-bundled\nmarked.setOptions({\n  highlight: function (code, lang, callback) {\n    require(\'pygmentize-bundled\')({ lang: lang, format: \'html\' }, code, function (err, result) {\n      callback(err, result.toString());\n    });\n  }\n});\n\n// Using async version of marked\nmarked(markdownString, function (err, content) {\n  if (err) throw err;\n  console.log(content);\n});\n\n// Synchronous highlighting with highlight.js\nmarked.setOptions({\n  highlight: function (code) {\n    return require(\'highlight.js\').highlightAuto(code).value;\n  }\n});\n\nconsole.log(marked(markdownString));\n```\n\n#### highlight arguments\n\n`code`\n\nType: `string`\n\nThe section of code to pass to the highlighter.\n\n`lang`\n\nType: `string`\n\nThe programming language specified in the code block.\n\n`callback`\n\nType: `function`\n\nThe callback function to call when using an async highlighter.\n\n### renderer\n\nType: `object`\nDefault: `new Renderer()`\n\nAn object containing functions to render tokens to HTML.\n\n#### Overriding renderer methods\n\nThe renderer option allows you to render tokens in a custom manor. Here is an\nexample of overriding the default heading token rendering by adding an embedded anchor tag like on GitHub:\n\n```javascript\nvar marked = require(\'marked\');\nvar renderer = new marked.Renderer();\n\nrenderer.heading = function (text, level) {\n  var escapedText = text.toLowerCase().replace(/[^\\w]+/g, \'-\');\n\n  return \'<h\' + level + \'><a name="\' +\n                escapedText +\n                 \'" class="anchor" href="#\' +\n                 escapedText +\n                 \'"><span class="header-link"></span></a>\' +\n                  text + \'</h\' + level + \'>\';\n},\n\nconsole.log(marked(\'# heading+\', { renderer: renderer }));\n```\nThis code will output the following HTML:\n```html\n<h1>\n  <a name="heading-" class="anchor" href="#heading-">\n    <span class="header-link"></span>\n  </a>\n  heading+\n</h1>\n```\n\n#### Block level renderer methods\n\n- code(*string* code, *string* language)\n- blockquote(*string* quote)\n- html(*string* html)\n- heading(*string* text, *number*  level)\n- hr()\n- list(*string* body, *boolean* ordered)\n- listitem(*string*  text)\n- paragraph(*string* text)\n- table(*string* header, *string* body)\n- tablerow(*string* content)\n- tablecell(*string* content, *object* flags)\n\n`flags` has the following properties:\n\n```js\n{\n    header: true || false,\n    align: \'center\' || \'left\' || \'right\'\n}\n```\n\n#### Inline level renderer methods\n\n- strong(*string* text)\n- em(*string* text)\n- codespan(*string* code)\n- br()\n- del(*string* text)\n- link(*string* href, *string* title, *string* text)\n- image(*string* href, *string* title, *string* text)\n\n### gfm\n\nType: `boolean`\nDefault: `true`\n\nEnable [GitHub flavored markdown][gfm].\n\n### tables\n\nType: `boolean`\nDefault: `true`\n\nEnable GFM [tables][tables].\nThis option requires the `gfm` option to be true.\n\n### breaks\n\nType: `boolean`\nDefault: `false`\n\nEnable GFM [line breaks][breaks].\nThis option requires the `gfm` option to be true.\n\n### pedantic\n\nType: `boolean`\nDefault: `false`\n\nConform to obscure parts of `markdown.pl` as much as possible. Don\'t fix any of\nthe original markdown bugs or poor behavior.\n\n### sanitize\n\nType: `boolean`\nDefault: `false`\n\nSanitize the output. Ignore any HTML that has been input.\n\n### smartLists\n\nType: `boolean`\nDefault: `true`\n\nUse smarter list behavior than the original markdown. May eventually be\ndefault with the old behavior moved into `pedantic`.\n\n### smartypants\n\nType: `boolean`\nDefault: `false`\n\nUse "smart" typograhic punctuation for things like quotes and dashes.\n\n## Access to lexer and parser\n\nYou also have direct access to the lexer and parser if you so desire.\n\n``` js\nvar tokens = marked.lexer(text, options);\nconsole.log(marked.parser(tokens));\n```\n\n``` js\nvar lexer = new marked.Lexer(options);\nvar tokens = lexer.lex(text);\nconsole.log(tokens);\nconsole.log(lexer.rules);\n```\n\n## CLI\n\n``` bash\n$ marked -o hello.html\nhello world\n^D\n$ cat hello.html\n<p>hello world</p>\n```\n\n## Philosophy behind marked\n\nThe point of marked was to create a markdown compiler where it was possible to\nfrequently parse huge chunks of markdown without having to worry about\ncaching the compiled output somehow...or blocking for an unnecesarily long time.\n\nmarked is very concise and still implements all markdown features. It is also\nnow fully compatible with the client-side.\n\nmarked more or less passes the official markdown test suite in its\nentirety. This is important because a surprising number of markdown compilers\ncannot pass more than a few tests. It was very difficult to get marked as\ncompliant as it is. It could have cut corners in several areas for the sake\nof performance, but did not in order to be exactly what you expect in terms\nof a markdown rendering. In fact, this is why marked could be considered at a\ndisadvantage in the benchmarks above.\n\nAlong with implementing every markdown feature, marked also implements [GFM\nfeatures][gfmf].\n\n## Benchmarks\n\nnode v0.8.x\n\n``` bash\n$ node test --bench\nmarked completed in 3411ms.\nmarked (gfm) completed in 3727ms.\nmarked (pedantic) completed in 3201ms.\nrobotskirt completed in 808ms.\nshowdown (reuse converter) completed in 11954ms.\nshowdown (new converter) completed in 17774ms.\nmarkdown-js completed in 17191ms.\n```\n\n__Marked is now faster than Discount, which is written in C.__\n\nFor those feeling skeptical: These benchmarks run the entire markdown test suite 1000 times. The test suite tests every feature. It doesn\'t cater to specific aspects.\n\n### Pro level\n\nYou also have direct access to the lexer and parser if you so desire.\n\n``` js\nvar tokens = marked.lexer(text, options);\nconsole.log(marked.parser(tokens));\n```\n\n``` js\nvar lexer = new marked.Lexer(options);\nvar tokens = lexer.lex(text);\nconsole.log(tokens);\nconsole.log(lexer.rules);\n```\n\n``` bash\n$ node\n> require(\'marked\').lexer(\'> i am using marked.\')\n[ { type: \'blockquote_start\' },\n  { type: \'paragraph\',\n    text: \'i am using marked.\' },\n  { type: \'blockquote_end\' },\n  links: {} ]\n```\n\n## Running Tests & Contributing\n\nIf you want to submit a pull request, make sure your changes pass the test\nsuite. If you\'re adding a new feature, be sure to add your own test.\n\nThe marked test suite is set up slightly strangely: `test/new` is for all tests\nthat are not part of the original markdown.pl test suite (this is where your\ntest should go if you make one). `test/original` is only for the original\nmarkdown.pl tests. `test/tests` houses both types of tests after they have been\ncombined and moved/generated by running `node test --fix` or `marked --test\n--fix`.\n\nIn other words, if you have a test to add, add it to `test/new/` and then\nregenerate the tests with `node test --fix`. Commit the result. If your test\nuses a certain feature, for example, maybe it assumes GFM is *not* enabled, you\ncan add `.nogfm` to the filename. So, `my-test.text` becomes\n`my-test.nogfm.text`. You can do this with any marked option. Say you want\nline breaks and smartypants enabled, your filename should be:\n`my-test.breaks.smartypants.text`.\n\nTo run the tests:\n\n``` bash\ncd marked/\nnode test\n```\n\n### Contribution and License Agreement\n\nIf you contribute code to this project, you are implicitly allowing your code\nto be distributed under the MIT license. You are also implicitly verifying that\nall code is your original work. `</legalese>`\n\n## License\n\nCopyright (c) 2011-2014, Christopher Jeffrey. (MIT License)\n\nSee LICENSE for more info.\n\n[gfm]: https://help.github.com/articles/github-flavored-markdown\n[gfmf]: http://github.github.com/github-flavored-markdown/\n[pygmentize]: https://github.com/rvagg/node-pygmentize-bundled\n[highlight]: https://github.com/isagalaev/highlight.js\n[badge]: http://badge.fury.io/js/marked\n[tables]: https://github.com/adam-p/markdown-here/wiki/Markdown-Cheatsheet#wiki-tables\n[breaks]: https://help.github.com/articles/github-flavored-markdown#newlines\n',
51 silly resolved     readmeFilename: 'README.md',
51 silly resolved     _id: 'marked@0.3.1',
51 silly resolved     _from: 'marked@' } ]
52 info install marked@0.3.1 into /Applications/MAMP/htdocs/portfolio
53 info installOne marked@0.3.1
54 verbose from cache /Users/natewalton/.npm/marked/0.3.1/package/package.json
55 info /Applications/MAMP/htdocs/portfolio/node_modules/marked unbuild
56 verbose from cache /Applications/MAMP/htdocs/portfolio/node_modules/marked/package.json
57 info preuninstall marked@0.3.1
58 info uninstall marked@0.3.1
59 verbose true,/Applications/MAMP/htdocs/portfolio/node_modules,/Applications/MAMP/htdocs/portfolio/node_modules unbuild marked@0.3.1
60 verbose /Applications/MAMP/htdocs/portfolio/node_modules/.bin,[object Object] binRoot
61 info postuninstall marked@0.3.1
62 verbose tar unpack /Users/natewalton/.npm/marked/0.3.1/package.tgz
63 silly lockFile 174bcd62-cs-portfolio-node-modules-marked /Applications/MAMP/htdocs/portfolio/node_modules/marked
64 verbose lock /Applications/MAMP/htdocs/portfolio/node_modules/marked /Users/natewalton/.npm/174bcd62-cs-portfolio-node-modules-marked.lock
65 silly lockFile 8fa04a52-ton-npm-marked-0-3-1-package-tgz /Users/natewalton/.npm/marked/0.3.1/package.tgz
66 verbose lock /Users/natewalton/.npm/marked/0.3.1/package.tgz /Users/natewalton/.npm/8fa04a52-ton-npm-marked-0-3-1-package-tgz.lock
67 silly gunzTarPerm modes [ '755', '644' ]
68 silly gunzTarPerm extractEntry package.json
69 silly gunzTarPerm extractEntry .npmignore
70 silly gunzTarPerm extractEntry README.md
71 silly gunzTarPerm extractEntry LICENSE
72 silly gunzTarPerm extractEntry index.js
73 silly gunzTarPerm extractEntry Makefile
74 silly gunzTarPerm extractEntry .travis.yml
75 silly gunzTarPerm extractEntry component.json
76 silly gunzTarPerm extractEntry lib/marked.js
77 silly gunzTarPerm extractEntry man/marked.1
78 silly gunzTarPerm extractEntry bin/marked
79 verbose read json /Applications/MAMP/htdocs/portfolio/node_modules/marked/package.json
80 silly lockFile 174bcd62-cs-portfolio-node-modules-marked /Applications/MAMP/htdocs/portfolio/node_modules/marked
81 silly lockFile 174bcd62-cs-portfolio-node-modules-marked /Applications/MAMP/htdocs/portfolio/node_modules/marked
82 silly lockFile 8fa04a52-ton-npm-marked-0-3-1-package-tgz /Users/natewalton/.npm/marked/0.3.1/package.tgz
83 silly lockFile 8fa04a52-ton-npm-marked-0-3-1-package-tgz /Users/natewalton/.npm/marked/0.3.1/package.tgz
84 info preinstall marked@0.3.1
85 verbose from cache /Applications/MAMP/htdocs/portfolio/node_modules/marked/package.json
86 verbose readDependencies using package.json deps
87 verbose from cache /Applications/MAMP/htdocs/portfolio/node_modules/marked/package.json
88 verbose readDependencies using package.json deps
89 silly resolved []
90 verbose about to build /Applications/MAMP/htdocs/portfolio/node_modules/marked
91 info build /Applications/MAMP/htdocs/portfolio/node_modules/marked
92 verbose from cache /Applications/MAMP/htdocs/portfolio/node_modules/marked/package.json
93 verbose linkStuff [ false,
93 verbose linkStuff   false,
93 verbose linkStuff   false,
93 verbose linkStuff   '/Applications/MAMP/htdocs/portfolio/node_modules' ]
94 info linkStuff marked@0.3.1
95 verbose from cache /Applications/MAMP/htdocs/portfolio/package.json
96 error TypeError: Object.keys called on non-object
96 error     at Function.keys (native)
96 error     at /usr/local/lib/node_modules/npm/lib/build.js:111:18
96 error     at process._tickCallback (node.js:415:13)
97 error If you need help, you may report this log at:
97 error     <http://github.com/isaacs/npm/issues>
97 error or email it to:
97 error     <npm-@googlegroups.com>
98 error System Darwin 13.0.0
99 error command "node" "/usr/local/bin/npm" "install" "--save-dev" "marked"
100 error cwd /Applications/MAMP/htdocs/portfolio
101 error node -v v0.10.7
102 error npm -v 1.2.21
103 error type called_on_non_object
104 verbose exit [ 1, true ]
